 
Couldn't find and open GPSS/H error-message file!!  It must be in a directory
that is specified in the PATH environment variable, or in the current directory,
or in the root directory.

    STUDENT GPSS/H RELEASE 3.0n-C10 (UG207)     15 Mar 2023   16:07:46     FILE: A3Q1b.gps

    LINE# STMT#  IF DO  BLOCK#  *LOC	OPERATION	A,B,C,D,E,F,G	COMMENTS  
 
        1     1                         SIMULATE
        2     2                         REALLOCATE      COM,20000
        3     3                  
        4     4                         REAL &U15
        5     5                         LET &U15=0
        6     6                  
        7     7                         REAL &U30
        8     8                         LET &U30=0
        9     9                  
       10    10              1          GENERATE   RVEXPO(1,30)
       11    11              2          TRANSFER   .58,WALL,MORN
       12    12                  
       13    13              3  MORN    TEST LE &U15,&U30,WALL
       14    14              4          QUEUE      LINE1
       15    15              5          BLET &U15=&U15+1
       16    16                  
       17    17              6          SEIZE      VENDOR1
       18    18              7          DEPART     LINE1
       19    19              8          BLET &U15=&U15-1
       20    20                  
       21    21              9          ADVANCE    40,4 
       22    22             10          RELEASE    VENDOR1
       23    23                         
       24    24             11          TERMINATE
       25    25                  
       26    26             12  WALL    QUEUE      LINE2
       27    27             13          BLET &U30=&U30+1
       28    28                  
       29    29             14          SEIZE      VENDOR2
       30    30             15          DEPART     LINE2
       31    31             16          BLET &U30=&U30-1
       32    32                  
       33    33             17          ADVANCE    40,4
       34    34             18          RELEASE    VENDOR2
       35    35             19          TERMINATE
       36    36                         
       37    37             20          GENERATE   7200     
       38    38             21          TERMINATE  1        
       39    39                  
       40    40                         START      1   
       41    41                         END

ENTITY DICTIONARY (IN ASCENDING ORDER BY ENTITY NUMBER; "*" => VALUE CONFLICT.)

       Facilities: 1=VENDOR1       2=VENDOR2

           Queues: 1=LINE1         2=LINE2

   Random Numbers: 1

       Real &Vars: 1=U15           2=U30

SYMBOL   VALUE   EQU DEFNS  CONTEXT      REFERENCES BY STATEMENT NUMBER
 
MORN         3          13  Block           11
WALL        12          26  Block           11    13
 
VENDOR1      1              Facility        17    22
VENDOR2      2              Facility        29    34
 
LINE1        1              Queue           14    18
LINE2        2              Queue           26    30
 
1            1              Random Nmbr     10
 
U15          1           4  Real             5    13    15    15    19    19
U30          2           7  Real             8    13    27    27    31    31



STORAGE REQUIREMENTS (BYTES)

COMPILED CODE:      632
COMPILED DATA:       80
MISCELLANEOUS:        0
ENTITIES:           452
COMMON:           20000
-----------------------
TOTAL:            21164



GPSS/H MODEL SIZE:

CONTROL STATEMENTS      5
BLOCKS                 21



Simulation begins.

RELATIVE CLOCK: 7200.0000   ABSOLUTE CLOCK: 7200.0000



BLOCK CURRENT     TOTAL  BLOCK CURRENT     TOTAL  BLOCK CURRENT     TOTAL  
1                   220  11                  108  21                    1 
2                   220  WALL                111 
MORN                131  13                  111 
4                   109  14                  111 
5                   109  15                  111 
6                   109  16                  111 
7                   109  17          1       111 
8                   109  18                  110 
9           1       109  19                  110 
10                  108  20                    1 



          --AVG-UTIL-DURING--                                                               
FACILITY  TOTAL  AVAIL  UNAVL     ENTRIES    AVERAGE   CURRENT  PERCENT  SEIZING  PREEMPTING
           TIME   TIME   TIME               TIME/XACT   STATUS   AVAIL     XACT      XACT   
 VENDOR1  0.602                       109      39.764    AVAIL              221 
 VENDOR2  0.611                       111      39.660    AVAIL              220 



   QUEUE     MAXIMUM      AVERAGE       TOTAL        ZERO     PERCENT      AVERAGE      $AVERAGE     QTABLE     CURRENT
            CONTENTS     CONTENTS      ENTRIES     ENTRIES     ZEROS      TIME/UNIT    TIME/UNIT     NUMBER    CONTENTS
   LINE1           2        0.215         109          47       43.1        14.230        25.018                      0
   LINE2           3        0.404         111          38       34.2        26.195        39.831                      0



  RANDOM    ANTITHETIC     INITIAL     CURRENT      SAMPLE   CHI-SQUARE
  STREAM      VARIATES    POSITION    POSITION       COUNT   UNIFORMITY
       1           OFF      100000      100661         661      0.77



STATUS OF COMMON STORAGE

   19408 BYTES AVAILABLE
     592 IN USE
    1232 USED (MAX)

Simulation terminated.  Absolute Clock: 7200.0000



Total Block Executions: 2329

Blocks / second:        7058

Microseconds / Block: 141.69



Elapsed Time Used (SEC)
 
PASS1:           0.11
SYM/XREF         0.05
LOAD/CTRL:       0.11
EXECUTION:       0.33
OUTPUT:          0.06
---------------------
TOTAL:           0.66

GPSS/H IS A PROPRIETARY PRODUCT OF, AND IS USED UNDER A LICENSE GRANTED BY, THE WOLVERINE SOFTWARE CORPORATION,
7617 LITTLE RIVER TURNPIKE, ANNANDALE, VIRGINIA 22003-2603, USA.
