 
Couldn't find and open GPSS/H error-message file!!  It must be in a directory
that is specified in the PATH environment variable, or in the current directory,
or in the root directory.

    STUDENT GPSS/H RELEASE 3.0n-C10 (UG207)     22 Mar 2023   18:00:39     FILE: A3Q2_S.gps

    LINE# STMT#  IF DO  BLOCK#  *LOC	OPERATION	A,B,C,D,E,F,G	COMMENTS  
 
        1     1                         SIMULATE
        2     2                         REALLOCATE      COM,20000
        3     3                  
        4     4                         REAL &U15
        5     5                         LET &U15=0
        6     6                  
        7     7                         REAL &U20
        8     8                         LET &U20=0
        9     9                  
       10    10                         REAL &U21
       11    11                         LET &U21=0
       12    12                  
       13    13                         REAL &U22
       14    14                         LET &U22=0
       15    15                  
       16    16              1          GENERATE   RVEXPO(1,55)
       17    17              2          TEST LE &U15,&U20,SER2
       18    18                  
       19    19              3          BLET &U15=&U15+1
       20    20              4          QUEUE      LINE1
       21    21              5          SEIZE      SERVER1
       22    22              6          DEPART     LINE1
       23    23              7          ADVANCE    100
       24    24              8          RELEASE    SERVER1
       25    25              9          BLET &U15=&U15-1
       26    26             10          BLET &U21=&U21+1
       27    27             11          TRANSFER   ,AFT
       28    28                  
       29    29             12  SER2    BLET &U20=&U20+1
       30    30             13          QUEUE      LINE2
       31    31             14          SEIZE      SERVER2
       32    32             15          DEPART     LINE2
       33    33             16          ADVANCE    100
       34    34             17          RELEASE    SERVER2
       35    35             18          BLET &U20=&U20-1
       36    36             19          BLET &U22=&U22+1
       37    37             20          TRANSFER   ,AFT
       38    38                         
       39    39             21  AFT     TERMINATE  1
       40    40                         START      100             
       41    41                  
       42    42                         PUTPIC FILE=A3Q2SO,LINES=2,(&U21,&U22)
       43    43                             Server 1 is ****
       44    44                             Server 2 is****
       45    45                 	    
       46    46                         END

ENTITY DICTIONARY (IN ASCENDING ORDER BY ENTITY NUMBER; "*" => VALUE CONFLICT.)

       Facilities: 1=SERVER1       2=SERVER2

           Queues: 1=LINE1         2=LINE2

   Random Numbers: 1

       Real &Vars: 1=U15           2=U20           3=U21           4=U22

            Files: 1=A3Q2SO

SYMBOL   VALUE   EQU DEFNS  CONTEXT      REFERENCES BY STATEMENT NUMBER
 
AFT         21          39  Block           27    37
SER2        12          29  Block           17
 
SERVER1      1              Facility        21    24
SERVER2      2              Facility        31    34
 
LINE1        1              Queue           20    22
LINE2        2              Queue           30    32
 
1            1              Random Nmbr     16
 
U15          1           4  Real             5    17    19    19    25    25
U20          2           7  Real             8    17    29    29    35    35
U21          3          10  Real            11    26    26    42
U22          4          13  Real            14    36    36    42
 
A3Q2SO       1              File            42



STORAGE REQUIREMENTS (BYTES)

COMPILED CODE:      690
COMPILED DATA:       40
MISCELLANEOUS:       58
ENTITIES:           508
COMMON:           20000
-----------------------
TOTAL:            21296



GPSS/H MODEL SIZE:

CONTROL STATEMENTS      8
BLOCKS                 21



Simulation begins.

RELATIVE CLOCK: 5602.7818   ABSOLUTE CLOCK: 5602.7818



BLOCK CURRENT     TOTAL  BLOCK CURRENT     TOTAL  BLOCK CURRENT     TOTAL  
1                   102  11                   52  AFT                 100 
2                   102  SER2                 48 
3                    54  13                   48 
4           1        54  14                   48 
5                    53  15                   48 
6                    53  16                   48 
7           1        53  17                   48 
8                    52  18                   48 
9                    52  19                   48 
10                   52  20                   48 



          --AVG-UTIL-DURING--                                                               
FACILITY  TOTAL  AVAIL  UNAVL     ENTRIES    AVERAGE   CURRENT  PERCENT  SEIZING  PREEMPTING
           TIME   TIME   TIME               TIME/XACT   STATUS   AVAIL     XACT      XACT   
 SERVER1  0.934                        53      98.765    AVAIL              101 
 SERVER2  0.857                        48     100.000    AVAIL                  



   QUEUE     MAXIMUM      AVERAGE       TOTAL        ZERO     PERCENT      AVERAGE      $AVERAGE     QTABLE     CURRENT
            CONTENTS     CONTENTS      ENTRIES     ENTRIES     ZEROS      TIME/UNIT    TIME/UNIT     NUMBER    CONTENTS
   LINE1           4        0.990          54           8       14.8       102.747       120.616                      1
   LINE2           3        0.613          48          15       31.2        71.509       104.013                      0



  RANDOM    ANTITHETIC     INITIAL     CURRENT      SAMPLE   CHI-SQUARE
  STREAM      VARIATES    POSITION    POSITION       COUNT   UNIFORMITY
       1           OFF      100000      100103         103      0.37



STATUS OF COMMON STORAGE

   19504 BYTES AVAILABLE
     496 IN USE
    1376 USED (MAX)

Simulation terminated.  Absolute Clock: 5602.7818



Total Block Executions: 1211

Blocks / second:        11009

Microseconds / Block:  90.83



Elapsed Time Used (SEC)
 
PASS1:           0.16
SYM/XREF         0.05
LOAD/CTRL:       0.11
EXECUTION:       0.11
OUTPUT:          0.06
---------------------
TOTAL:           0.49

GPSS/H IS A PROPRIETARY PRODUCT OF, AND IS USED UNDER A LICENSE GRANTED BY, THE WOLVERINE SOFTWARE CORPORATION,
7617 LITTLE RIVER TURNPIKE, ANNANDALE, VIRGINIA 22003-2603, USA.
