 
Couldn't find and open GPSS/H error-message file!!  It must be in a directory
that is specified in the PATH environment variable, or in the current directory,
or in the root directory.

    STUDENT GPSS/H RELEASE 3.0n-C10 (UG207)     22 Mar 2023   17:38:48     FILE: A3Q2_T.gps

    LINE# STMT#  IF DO  BLOCK#  *LOC	OPERATION	A,B,C,D,E,F,G	COMMENTS  
 
        1     1                         SIMULATE
        2     2                         REALLOCATE      COM,20000
        3     3                  
        4     4                         REAL &U15
        5     5                         LET &U15=0
        6     6                  
        7     7                         REAL &U20
        8     8                         LET &U20=0
        9     9                  
       10    10                         REAL &U21
       11    11                         LET &U21=0
       12    12                  
       13    13                         INTEGER &U22
       14    14                         LET &U22=0
       15    15                  
       16    16              1          GENERATE   RVEXPO(1,55)
       17    17              2          TEST L &U21,&U22,SER2
       18    18                  
       19    19              3          QUEUE      LINE1
       20    20              4          SEIZE      SERVER1
       21    21              5          DEPART     LINE1
       22    22              6          ADVANCE    100
       23    23              7          RELEASE    SERVER1
       24    24              8          BLET &U15=&U15+1
       25    25              9          BLET &U21=&U21+1
       26    26             10          TRANSFER   ,AFT
       27    27                  
       28    28             11  SER2    QUEUE      LINE2
       29    29             12          SEIZE      SERVER2
       30    30             13          DEPART     LINE2
       31    31             14          ADVANCE    100
       32    32             15          RELEASE    SERVER2
       33    33             16          BLET &U20=&U20+1
       34    34             17          BLET &U21=&U21-1
       35    35             18          TRANSFER   ,AFT
       36    36                         
       37    37             19  AFT     TERMINATE  1
       38    38                         START      100             
       39    39                  
       40    40                         PUTPIC FILE=A3Q2TO,LINES=2,(&U15,&U20)
       41    41                             Server 1 is ****
       42    42                             Server 2 is****
       43    43                 	    
       44    44                         END

ENTITY DICTIONARY (IN ASCENDING ORDER BY ENTITY NUMBER; "*" => VALUE CONFLICT.)

       Facilities: 1=SERVER1       2=SERVER2

           Queues: 1=LINE1         2=LINE2

   Random Numbers: 1

    Integer &Vars: 1=U22

       Real &Vars: 1=U15           2=U20           3=U21

            Files: 1=A3Q2TO

SYMBOL   VALUE   EQU DEFNS  CONTEXT      REFERENCES BY STATEMENT NUMBER
 
AFT         19          37  Block           26    35
SER2        11          28  Block           17
 
SERVER1      1              Facility        20    23
SERVER2      2              Facility        29    32
 
LINE1        1              Queue           19    21
LINE2        2              Queue           28    30
 
1            1              Random Nmbr     16
 
U22          1          13  Integer         14    17
 
U15          1           4  Real             5    24    24    40
U20          2           7  Real             8    33    33    40
U21          3          10  Real            11    17    25    25    34    34
 
A3Q2TO       1              File            40



STORAGE REQUIREMENTS (BYTES)

COMPILED CODE:      632
COMPILED DATA:       40
MISCELLANEOUS:       58
ENTITIES:           508
COMMON:           20000
-----------------------
TOTAL:            21238



GPSS/H MODEL SIZE:

CONTROL STATEMENTS      8
BLOCKS                 19



Simulation begins.

RELATIVE CLOCK: 5961.5881   ABSOLUTE CLOCK: 5961.5881



BLOCK CURRENT     TOTAL  BLOCK CURRENT     TOTAL  
1                   107  SER2                 52 
2                   107  12                   52 
3           6        55  13                   52 
4                    49  14          1        52 
5                    49  15                   51 
6                    49  16                   51 
7                    49  17                   51 
8                    49  18                   51 
9                    49  AFT                 100 
10                   49 



          --AVG-UTIL-DURING--                                                               
FACILITY  TOTAL  AVAIL  UNAVL     ENTRIES    AVERAGE   CURRENT  PERCENT  SEIZING  PREEMPTING
           TIME   TIME   TIME               TIME/XACT   STATUS   AVAIL     XACT      XACT   
 SERVER1  0.822                        49     100.000    AVAIL                  
 SERVER2  0.859                        52      98.473    AVAIL               93 



   QUEUE     MAXIMUM      AVERAGE       TOTAL        ZERO     PERCENT      AVERAGE      $AVERAGE     QTABLE     CURRENT
            CONTENTS     CONTENTS      ENTRIES     ENTRIES     ZEROS      TIME/UNIT    TIME/UNIT     NUMBER    CONTENTS
   LINE1           9        2.482          55           5        9.1       269.082       295.990                      6
   LINE2          10        2.843          52           6       11.5       325.884       368.391                      0



  RANDOM    ANTITHETIC     INITIAL     CURRENT      SAMPLE   CHI-SQUARE
  STREAM      VARIATES    POSITION    POSITION       COUNT   UNIFORMITY
       1           OFF      100000      100108         108      0.39



STATUS OF COMMON STORAGE

   18864 BYTES AVAILABLE
    1136 IN USE
    2016 USED (MAX)

Simulation terminated.  Absolute Clock: 5961.5881



Total Block Executions: 1124

Blocks / second:        7025

Microseconds / Block: 142.35



Elapsed Time Used (SEC)
 
PASS1:           0.16
SYM/XREF         0.06
LOAD/CTRL:       0.11
EXECUTION:       0.16
OUTPUT:          0.06
---------------------
TOTAL:           0.55

GPSS/H IS A PROPRIETARY PRODUCT OF, AND IS USED UNDER A LICENSE GRANTED BY, THE WOLVERINE SOFTWARE CORPORATION,
7617 LITTLE RIVER TURNPIKE, ANNANDALE, VIRGINIA 22003-2603, USA.
