 
Couldn't find and open GPSS/H error-message file!!  It must be in a directory
that is specified in the PATH environment variable, or in the current directory,
or in the root directory.

    STUDENT GPSS/H RELEASE 3.0n-C10 (UG207)     22 Mar 2023   17:38:42     FILE: A3Q2_L.gps

    LINE# STMT#  IF DO  BLOCK#  *LOC	OPERATION	A,B,C,D,E,F,G	COMMENTS  
 
        1     1                         SIMULATE
        2     2                         REALLOCATE      COM,20000
        3     3                  
        4     4                         REAL &U15
        5     5                         LET &U15=0
        6     6                  
        7     7                         REAL &U20
        8     8                         LET &U20=0
        9     9                  
       10    10              1          GENERATE   RVEXPO(1,55)
       11    11              2          TRANSFER   .50,SER2,SER1
       12    12                  
       13    13              3  SER1    QUEUE      LINE1
       14    14              4          SEIZE      SERVER1
       15    15              5          DEPART     LINE1
       16    16              6          ADVANCE    100
       17    17              7          RELEASE    SERVER1
       18    18              8          BLET &U15=&U15+1
       19    19              9          TRANSFER   ,AFT
       20    20                  
       21    21             10  SER2    QUEUE      LINE2
       22    22             11          SEIZE      SERVER2
       23    23             12          DEPART     LINE2
       24    24             13          ADVANCE    100
       25    25             14          RELEASE    SERVER2
       26    26             15          BLET &U20=&U20+1
       27    27             16          TRANSFER   ,AFT
       28    28                         
       29    29             17  AFT     TERMINATE  1
       30    30                         START      100             
       31    31                  
       32    32                         PUTPIC FILE=A3Q2LO,LINES=2,(&U15,&U20)
       33    33                             Server 1 is ****
       34    34                             Server 2 is****
       35    35                 	    
       36    36                         END

ENTITY DICTIONARY (IN ASCENDING ORDER BY ENTITY NUMBER; "*" => VALUE CONFLICT.)

       Facilities: 1=SERVER1       2=SERVER2

           Queues: 1=LINE1         2=LINE2

   Random Numbers: 1

       Real &Vars: 1=U15           2=U20

            Files: 1=A3Q2LO

SYMBOL   VALUE   EQU DEFNS  CONTEXT      REFERENCES BY STATEMENT NUMBER
 
AFT         17          29  Block           19    27
SER1         3          13  Block           11
SER2        10          21  Block           11
 
SERVER1      1              Facility        14    17
SERVER2      2              Facility        22    25
 
LINE1        1              Queue           13    15
LINE2        2              Queue           21    23
 
1            1              Random Nmbr     10
 
U15          1           4  Real             5    18    18    32
U20          2           7  Real             8    26    26    32
 
A3Q2LO       1              File            32



STORAGE REQUIREMENTS (BYTES)

COMPILED CODE:      550
COMPILED DATA:       40
MISCELLANEOUS:       58
ENTITIES:           492
COMMON:           20000
-----------------------
TOTAL:            21140



GPSS/H MODEL SIZE:

CONTROL STATEMENTS      6
BLOCKS                 17



Simulation begins.

RELATIVE CLOCK: 5970.5397   ABSOLUTE CLOCK: 5970.5397



BLOCK CURRENT     TOTAL  BLOCK CURRENT     TOTAL  
1                   109  11                   55 
2                   109  12                   55 
SER1        4        50  13          1        55 
4                    46  14                   54 
5                    46  15                   54 
6                    46  16                   54 
7                    46  AFT                 100 
8                    46 
9                    46 
SER2        4        59 



          --AVG-UTIL-DURING--                                                               
FACILITY  TOTAL  AVAIL  UNAVL     ENTRIES    AVERAGE   CURRENT  PERCENT  SEIZING  PREEMPTING
           TIME   TIME   TIME               TIME/XACT   STATUS   AVAIL     XACT      XACT   
 SERVER1  0.770                        46     100.000    AVAIL                  
 SERVER2  0.910                        55      98.801    AVAIL              104 



   QUEUE     MAXIMUM      AVERAGE       TOTAL        ZERO     PERCENT      AVERAGE      $AVERAGE     QTABLE     CURRENT
            CONTENTS     CONTENTS      ENTRIES     ENTRIES     ZEROS      TIME/UNIT    TIME/UNIT     NUMBER    CONTENTS
   LINE1           8        2.010          50          10       20.0       239.981       299.976                      4
   LINE2           6        1.936          59           7       11.9       195.947       222.324                      4



  RANDOM    ANTITHETIC     INITIAL     CURRENT      SAMPLE   CHI-SQUARE
  STREAM      VARIATES    POSITION    POSITION       COUNT   UNIFORMITY
       1           OFF      100000      100219         219      0.76



STATUS OF COMMON STORAGE

   18608 BYTES AVAILABLE
    1392 IN USE
    2144 USED (MAX)

Simulation terminated.  Absolute Clock: 5970.5397



Total Block Executions: 1030

Blocks / second:        6438

Microseconds / Block: 155.34



Elapsed Time Used (SEC)
 
PASS1:           0.17
PASS2:           0.05
LOAD/CTRL:       0.06
EXECUTION:       0.16
OUTPUT:          0.06
---------------------
TOTAL:           0.50

GPSS/H IS A PROPRIETARY PRODUCT OF, AND IS USED UNDER A LICENSE GRANTED BY, THE WOLVERINE SOFTWARE CORPORATION,
7617 LITTLE RIVER TURNPIKE, ANNANDALE, VIRGINIA 22003-2603, USA.
