 
Couldn't find and open GPSS/H error-message file!!  It must be in a directory
that is specified in the PATH environment variable, or in the current directory,
or in the root directory.

    STUDENT GPSS/H RELEASE 3.0n-C10 (UG207)     27 Feb 2023   18:35:59     FILE: A2Q4b.gps

    LINE# STMT#  IF DO  BLOCK#  *LOC	OPERATION	A,B,C,D,E,F,G	COMMENTS  
 
        1     1                 *123456789012345678901234567890
        2     2                             SIMULATE                
        3     3              1              GENERATE    5,3.5     PATIENT INTERARRIVAL TIME
        4     4              2              QUEUE       WAIT        WAITING FOR DOCTOR
        5     5              3              SEIZE       DOCTOR      GET DOCTOR
        6     6              4              DEPART      WAIT        DONE WAITING LINE
        7     7              5              ADVANCE     14,5        DOCTOR SERVICE TIME
        8     8              6              RELEASE     DOCTOR
        9     9              7              TABULATE    RES
       10    10              8              TERMINATE   1           REMOVE 1 PATIENT FORM TERMINATION COUNTER
       11    11                  RES        TABLE       M1,5,5,10     
       12    12                  
       13    13                             START       100         FOR 100 CUSTOEMRS
       14    14                             END

ENTITY DICTIONARY (IN ASCENDING ORDER BY ENTITY NUMBER; "*" => VALUE CONFLICT.)

       Facilities: 1=DOCTOR

           Queues: 1=WAIT

           Tables: 1=RES

SYMBOL   VALUE   EQU DEFNS  CONTEXT      REFERENCES BY STATEMENT NUMBER
 
DOCTOR       1              Facility         5     8
 
WAIT         1              Queue            4     6
 
RES          1          11  Table            9



STORAGE REQUIREMENTS (BYTES)

COMPILED CODE:      362
COMPILED DATA:       40
MISCELLANEOUS:        0
ENTITIES:           592
COMMON:           10000
-----------------------
TOTAL:            10994



GPSS/H MODEL SIZE:

CONTROL STATEMENTS      4
BLOCKS                  8



Simulation begins.

ERROR NUMBER 646  [File 'gpssherr.msg' was not found => message text unavailable]


XACT 123 FROM BIRTH TO 1    ABSCLOCK: 641.4039    RELCLOCK: 641.4039    TTG: 54

XACT     CURBLK   NXTBLK   CHAINS  SDPGFT**   MARK-TIME   MOVE-TIME   PRIORITY   PC ASMSET     ADDR

123      "BIRTH"  1        CEC                 641.4039    641.4039          0               4A1B76B0



RELATIVE CLOCK: 641.4039   ABSOLUTE CLOCK: 641.4039



BLOCK CURRENT     TOTAL  
1                   122 
2          75       122 
3                    47 
4                    47 
5           1        47 
6                    46 
7                    46 
8                    46 



CURRENT EVENTS CHAIN

XACT     CURBLK   NXTBLK   CHAINS  SDPGFT**   MARK-TIME   MOVE-TIME   PRIORITY   PC ASMSET     ADDR

48       2        3        CEC     SD          258.5592    258.5592          0               4A1B96B0

XACT     CURBLK   NXTBLK   CHAINS  SDPGFT**   MARK-TIME   MOVE-TIME   PRIORITY   PC ASMSET     ADDR

49       2        3        CEC     SD          261.4976    261.4976          0               4A1B8DB0

XACT     CURBLK   NXTBLK   CHAINS  SDPGFT**   MARK-TIME   MOVE-TIME   PRIORITY   PC ASMSET     ADDR

50       2        3        CEC     SD          266.5711    266.5711          0               4A1B9CE0

XACT     CURBLK   NXTBLK   CHAINS  SDPGFT**   MARK-TIME   MOVE-TIME   PRIORITY   PC ASMSET     ADDR

51       2        3        CEC     SD          273.2832    273.2832          0               4A1B8D30

XACT     CURBLK   NXTBLK   CHAINS  SDPGFT**   MARK-TIME   MOVE-TIME   PRIORITY   PC ASMSET     ADDR

52       2        3        CEC     SD          276.8177    276.8177          0               4A1B9630

XACT     CURBLK   NXTBLK   CHAINS  SDPGFT**   MARK-TIME   MOVE-TIME   PRIORITY   PC ASMSET     ADDR

53       2        3        CEC     SD          280.6109    280.6109          0               4A1B8CB0

XACT     CURBLK   NXTBLK   CHAINS  SDPGFT**   MARK-TIME   MOVE-TIME   PRIORITY   PC ASMSET     ADDR

54       2        3        CEC     SD          285.2594    285.2594          0               4A1B8C30

XACT     CURBLK   NXTBLK   CHAINS  SDPGFT**   MARK-TIME   MOVE-TIME   PRIORITY   PC ASMSET     ADDR

55       2        3        CEC     SD          291.1395    291.1395          0               4A1B95B0

XACT     CURBLK   NXTBLK   CHAINS  SDPGFT**   MARK-TIME   MOVE-TIME   PRIORITY   PC ASMSET     ADDR

56       2        3        CEC     SD          296.8493    296.8493          0               4A1B8BB0

XACT     CURBLK   NXTBLK   CHAINS  SDPGFT**   MARK-TIME   MOVE-TIME   PRIORITY   PC ASMSET     ADDR

57       2        3        CEC     SD          300.8569    300.8569          0               4A1B9530

XACT     CURBLK   NXTBLK   CHAINS  SDPGFT**   MARK-TIME   MOVE-TIME   PRIORITY   PC ASMSET     ADDR

58       2        3        CEC     SD          305.7638    305.7638          0               4A1B8B30

XACT     CURBLK   NXTBLK   CHAINS  SDPGFT**   MARK-TIME   MOVE-TIME   PRIORITY   PC ASMSET     ADDR

59       2        3        CEC     SD          313.9452    313.9452          0               4A1B9A30

XACT     CURBLK   NXTBLK   CHAINS  SDPGFT**   MARK-TIME   MOVE-TIME   PRIORITY   PC ASMSET     ADDR

60       2        3        CEC     SD          315.9863    315.9863          0               4A1B8AB0

XACT     CURBLK   NXTBLK   CHAINS  SDPGFT**   MARK-TIME   MOVE-TIME   PRIORITY   PC ASMSET     ADDR

61       2        3        CEC     SD          317.8620    317.8620          0               4A1B8A30

XACT     CURBLK   NXTBLK   CHAINS  SDPGFT**   MARK-TIME   MOVE-TIME   PRIORITY   PC ASMSET     ADDR

62       2        3        CEC     SD          323.8209    323.8209          0               4A1B89B0

XACT     CURBLK   NXTBLK   CHAINS  SDPGFT**   MARK-TIME   MOVE-TIME   PRIORITY   PC ASMSET     ADDR

63       2        3        CEC     SD          330.4362    330.4362          0               4A1B94B0

XACT     CURBLK   NXTBLK   CHAINS  SDPGFT**   MARK-TIME   MOVE-TIME   PRIORITY   PC ASMSET     ADDR

64       2        3        CEC     SD          337.9173    337.9173          0               4A1B8930

XACT     CURBLK   NXTBLK   CHAINS  SDPGFT**   MARK-TIME   MOVE-TIME   PRIORITY   PC ASMSET     ADDR

65       2        3        CEC     SD          339.9475    339.9475          0               4A1B88B0

XACT     CURBLK   NXTBLK   CHAINS  SDPGFT**   MARK-TIME   MOVE-TIME   PRIORITY   PC ASMSET     ADDR

66       2        3        CEC     SD          345.6275    345.6275          0               4A1B9C20

XACT     CURBLK   NXTBLK   CHAINS  SDPGFT**   MARK-TIME   MOVE-TIME   PRIORITY   PC ASMSET     ADDR

67       2        3        CEC     SD          352.5832    352.5832          0               4A1B8830

XACT     CURBLK   NXTBLK   CHAINS  SDPGFT**   MARK-TIME   MOVE-TIME   PRIORITY   PC ASMSET     ADDR

68       2        3        CEC     SD          356.3875    356.3875          0               4A1B9430

XACT     CURBLK   NXTBLK   CHAINS  SDPGFT**   MARK-TIME   MOVE-TIME   PRIORITY   PC ASMSET     ADDR

69       2        3        CEC     SD          363.5840    363.5840          0               4A1B87B0

XACT     CURBLK   NXTBLK   CHAINS  SDPGFT**   MARK-TIME   MOVE-TIME   PRIORITY   PC ASMSET     ADDR

70       2        3        CEC     SD          367.7830    367.7830          0               4A1B8730

XACT     CURBLK   NXTBLK   CHAINS  SDPGFT**   MARK-TIME   MOVE-TIME   PRIORITY   PC ASMSET     ADDR

71       2        3        CEC     SD          373.7754    373.7754          0               4A1B93B0

XACT     CURBLK   NXTBLK   CHAINS  SDPGFT**   MARK-TIME   MOVE-TIME   PRIORITY   PC ASMSET     ADDR

72       2        3        CEC     SD          378.6607    378.6607          0               4A1B86B0

XACT     CURBLK   NXTBLK   CHAINS  SDPGFT**   MARK-TIME   MOVE-TIME   PRIORITY   PC ASMSET     ADDR

73       2        3        CEC     SD          382.5891    382.5891          0               4A1B8630

XACT     CURBLK   NXTBLK   CHAINS  SDPGFT**   MARK-TIME   MOVE-TIME   PRIORITY   PC ASMSET     ADDR

74       2        3        CEC     SD          389.1046    389.1046          0               4A1B99B0

XACT     CURBLK   NXTBLK   CHAINS  SDPGFT**   MARK-TIME   MOVE-TIME   PRIORITY   PC ASMSET     ADDR

75       2        3        CEC     SD          394.0217    394.0217          0               4A1B85B0

XACT     CURBLK   NXTBLK   CHAINS  SDPGFT**   MARK-TIME   MOVE-TIME   PRIORITY   PC ASMSET     ADDR

76       2        3        CEC     SD          400.3221    400.3221          0               4A1B8530

XACT     CURBLK   NXTBLK   CHAINS  SDPGFT**   MARK-TIME   MOVE-TIME   PRIORITY   PC ASMSET     ADDR

77       2        3        CEC     SD          407.4112    407.4112          0               4A1B9330

XACT     CURBLK   NXTBLK   CHAINS  SDPGFT**   MARK-TIME   MOVE-TIME   PRIORITY   PC ASMSET     ADDR

78       2        3        CEC     SD          415.6673    415.6673          0               4A1B84B0

XACT     CURBLK   NXTBLK   CHAINS  SDPGFT**   MARK-TIME   MOVE-TIME   PRIORITY   PC ASMSET     ADDR

79       2        3        CEC     SD          422.7844    422.7844          0               4A1B9930

XACT     CURBLK   NXTBLK   CHAINS  SDPGFT**   MARK-TIME   MOVE-TIME   PRIORITY   PC ASMSET     ADDR

80       2        3        CEC     SD          431.2324    431.2324          0               4A1B8430

XACT     CURBLK   NXTBLK   CHAINS  SDPGFT**   MARK-TIME   MOVE-TIME   PRIORITY   PC ASMSET     ADDR

81       2        3        CEC     SD          439.4459    439.4459          0               4A1B92B0

XACT     CURBLK   NXTBLK   CHAINS  SDPGFT**   MARK-TIME   MOVE-TIME   PRIORITY   PC ASMSET     ADDR

82       2        3        CEC     SD          447.7699    447.7699          0               4A1B83B0

XACT     CURBLK   NXTBLK   CHAINS  SDPGFT**   MARK-TIME   MOVE-TIME   PRIORITY   PC ASMSET     ADDR

83       2        3        CEC     SD          454.7390    454.7390          0               4A1B9BA0

XACT     CURBLK   NXTBLK   CHAINS  SDPGFT**   MARK-TIME   MOVE-TIME   PRIORITY   PC ASMSET     ADDR

84       2        3        CEC     SD          459.2124    459.2124          0               4A1B9230

XACT     CURBLK   NXTBLK   CHAINS  SDPGFT**   MARK-TIME   MOVE-TIME   PRIORITY   PC ASMSET     ADDR

85       2        3        CEC     SD          466.9468    466.9468          0               4A1B8330

XACT     CURBLK   NXTBLK   CHAINS  SDPGFT**   MARK-TIME   MOVE-TIME   PRIORITY   PC ASMSET     ADDR

86       2        3        CEC     SD          473.5848    473.5848          0               4A1B82B0

XACT     CURBLK   NXTBLK   CHAINS  SDPGFT**   MARK-TIME   MOVE-TIME   PRIORITY   PC ASMSET     ADDR

87       2        3        CEC     SD          482.0456    482.0456          0               4A1B98B0

XACT     CURBLK   NXTBLK   CHAINS  SDPGFT**   MARK-TIME   MOVE-TIME   PRIORITY   PC ASMSET     ADDR

88       2        3        CEC     SD          483.7429    483.7429          0               4A1B91B0

XACT     CURBLK   NXTBLK   CHAINS  SDPGFT**   MARK-TIME   MOVE-TIME   PRIORITY   PC ASMSET     ADDR

89       2        3        CEC     SD          490.9011    490.9011          0               4A1B8230

XACT     CURBLK   NXTBLK   CHAINS  SDPGFT**   MARK-TIME   MOVE-TIME   PRIORITY   PC ASMSET     ADDR

90       2        3        CEC     SD          494.5173    494.5173          0               4A1B81B0

XACT     CURBLK   NXTBLK   CHAINS  SDPGFT**   MARK-TIME   MOVE-TIME   PRIORITY   PC ASMSET     ADDR

91       2        3        CEC     SD          501.8229    501.8229          0               4A1B9130

XACT     CURBLK   NXTBLK   CHAINS  SDPGFT**   MARK-TIME   MOVE-TIME   PRIORITY   PC ASMSET     ADDR

92       2        3        CEC     SD          509.8694    509.8694          0               4A1B8130

XACT     CURBLK   NXTBLK   CHAINS  SDPGFT**   MARK-TIME   MOVE-TIME   PRIORITY   PC ASMSET     ADDR

93       2        3        CEC     SD          514.0940    514.0940          0               4A1B90B0

XACT     CURBLK   NXTBLK   CHAINS  SDPGFT**   MARK-TIME   MOVE-TIME   PRIORITY   PC ASMSET     ADDR

94       2        3        CEC     SD          519.8880    519.8880          0               4A1B80B0

XACT     CURBLK   NXTBLK   CHAINS  SDPGFT**   MARK-TIME   MOVE-TIME   PRIORITY   PC ASMSET     ADDR

95       2        3        CEC     SD          521.8504    521.8504          0               4A1B8030

XACT     CURBLK   NXTBLK   CHAINS  SDPGFT**   MARK-TIME   MOVE-TIME   PRIORITY   PC ASMSET     ADDR

96       2        3        CEC     SD          524.9826    524.9826          0               4A1B7FB0

XACT     CURBLK   NXTBLK   CHAINS  SDPGFT**   MARK-TIME   MOVE-TIME   PRIORITY   PC ASMSET     ADDR

97       2        3        CEC     SD          533.3067    533.3067          0               4A1B7F30

XACT     CURBLK   NXTBLK   CHAINS  SDPGFT**   MARK-TIME   MOVE-TIME   PRIORITY   PC ASMSET     ADDR

98       2        3        CEC     SD          535.5172    535.5172          0               4A1B9830

XACT     CURBLK   NXTBLK   CHAINS  SDPGFT**   MARK-TIME   MOVE-TIME   PRIORITY   PC ASMSET     ADDR

99       2        3        CEC     SD          538.7809    538.7809          0               4A1B7EB0

XACT     CURBLK   NXTBLK   CHAINS  SDPGFT**   MARK-TIME   MOVE-TIME   PRIORITY   PC ASMSET     ADDR

100      2        3        CEC     SD          541.1573    541.1573          0               4A1B9030

XACT     CURBLK   NXTBLK   CHAINS  SDPGFT**   MARK-TIME   MOVE-TIME   PRIORITY   PC ASMSET     ADDR

101      2        3        CEC     SD          543.0292    543.0292          0               4A1B7E30

XACT     CURBLK   NXTBLK   CHAINS  SDPGFT**   MARK-TIME   MOVE-TIME   PRIORITY   PC ASMSET     ADDR

102      2        3        CEC     SD          546.4957    546.4957          0               4A1B7DB0

XACT     CURBLK   NXTBLK   CHAINS  SDPGFT**   MARK-TIME   MOVE-TIME   PRIORITY   PC ASMSET     ADDR

103      2        3        CEC     SD          550.6176    550.6176          0               4A1B7D30

XACT     CURBLK   NXTBLK   CHAINS  SDPGFT**   MARK-TIME   MOVE-TIME   PRIORITY   PC ASMSET     ADDR

104      2        3        CEC     SD          558.8845    558.8845          0               4A1B97B0

XACT     CURBLK   NXTBLK   CHAINS  SDPGFT**   MARK-TIME   MOVE-TIME   PRIORITY   PC ASMSET     ADDR

105      2        3        CEC     SD          560.5955    560.5955          0               4A1B7CB0

XACT     CURBLK   NXTBLK   CHAINS  SDPGFT**   MARK-TIME   MOVE-TIME   PRIORITY   PC ASMSET     ADDR

106      2        3        CEC     SD          568.4631    568.4631          0               4A1B7C30

XACT     CURBLK   NXTBLK   CHAINS  SDPGFT**   MARK-TIME   MOVE-TIME   PRIORITY   PC ASMSET     ADDR

107      2        3        CEC     SD          573.5192    573.5192          0               4A1B8FB0

XACT     CURBLK   NXTBLK   CHAINS  SDPGFT**   MARK-TIME   MOVE-TIME   PRIORITY   PC ASMSET     ADDR

108      2        3        CEC     SD          577.1370    577.1370          0               4A1B7BB0

XACT     CURBLK   NXTBLK   CHAINS  SDPGFT**   MARK-TIME   MOVE-TIME   PRIORITY   PC ASMSET     ADDR

109      2        3        CEC     SD          578.8504    578.8504          0               4A1B7B30

XACT     CURBLK   NXTBLK   CHAINS  SDPGFT**   MARK-TIME   MOVE-TIME   PRIORITY   PC ASMSET     ADDR

110      2        3        CEC     SD          582.2768    582.2768          0               4A1B9B30

XACT     CURBLK   NXTBLK   CHAINS  SDPGFT**   MARK-TIME   MOVE-TIME   PRIORITY   PC ASMSET     ADDR

111      2        3        CEC     SD          585.4852    585.4852          0               4A1B7AB0

XACT     CURBLK   NXTBLK   CHAINS  SDPGFT**   MARK-TIME   MOVE-TIME   PRIORITY   PC ASMSET     ADDR

112      2        3        CEC     SD          591.5655    591.5655          0               4A1B7A30

XACT     CURBLK   NXTBLK   CHAINS  SDPGFT**   MARK-TIME   MOVE-TIME   PRIORITY   PC ASMSET     ADDR

113      2        3        CEC     SD          595.0024    595.0024          0               4A1B8F30

XACT     CURBLK   NXTBLK   CHAINS  SDPGFT**   MARK-TIME   MOVE-TIME   PRIORITY   PC ASMSET     ADDR

114      2        3        CEC     SD          597.4134    597.4134          0               4A1B79B0

XACT     CURBLK   NXTBLK   CHAINS  SDPGFT**   MARK-TIME   MOVE-TIME   PRIORITY   PC ASMSET     ADDR

115      2        3        CEC     SD          605.4307    605.4307          0               4A1B7930

XACT     CURBLK   NXTBLK   CHAINS  SDPGFT**   MARK-TIME   MOVE-TIME   PRIORITY   PC ASMSET     ADDR

116      2        3        CEC     SD          611.4305    611.4305          0               4A1B9730

XACT     CURBLK   NXTBLK   CHAINS  SDPGFT**   MARK-TIME   MOVE-TIME   PRIORITY   PC ASMSET     ADDR

117      2        3        CEC     SD          616.8209    616.8209          0               4A1B78B0

XACT     CURBLK   NXTBLK   CHAINS  SDPGFT**   MARK-TIME   MOVE-TIME   PRIORITY   PC ASMSET     ADDR

118      2        3        CEC     SD          620.3952    620.3952          0               4A1B8EB0

XACT     CURBLK   NXTBLK   CHAINS  SDPGFT**   MARK-TIME   MOVE-TIME   PRIORITY   PC ASMSET     ADDR

119      2        3        CEC     SD          624.4565    624.4565          0               4A1B7830

XACT     CURBLK   NXTBLK   CHAINS  SDPGFT**   MARK-TIME   MOVE-TIME   PRIORITY   PC ASMSET     ADDR

120      2        3        CEC     SD          630.1851    630.1851          0               4A1B77B0

XACT     CURBLK   NXTBLK   CHAINS  SDPGFT**   MARK-TIME   MOVE-TIME   PRIORITY   PC ASMSET     ADDR

121      2        3        CEC     SD          633.4632    633.4632          0               4A1B9AB0

XACT     CURBLK   NXTBLK   CHAINS  SDPGFT**   MARK-TIME   MOVE-TIME   PRIORITY   PC ASMSET     ADDR

122      2        3        CEC     SD          639.8675    639.8675          0               4A1B7730

XACT     CURBLK   NXTBLK   CHAINS  SDPGFT**   MARK-TIME   MOVE-TIME   PRIORITY   PC ASMSET     ADDR

123      "BIRTH"  1        CEC                 641.4039    641.4039          0               4A1B76B0



FUTURE EVENTS CHAIN

XACT     CURBLK   NXTBLK   CHAINS  SDPGFT**   MARK-TIME   MOVE-TIME   PRIORITY   PC ASMSET     ADDR

47       5        6        FEC      D          253.2576    644.9333          0               4A1B8E30



          --AVG-UTIL-DURING--                                                               
FACILITY  TOTAL  AVAIL  UNAVL     ENTRIES    AVERAGE   CURRENT  PERCENT  SEIZING  PREEMPTING
           TIME   TIME   TIME               TIME/XACT   STATUS   AVAIL     XACT      XACT   
  DOCTOR  0.995                        47      13.575    AVAIL               47 



   QUEUE     MAXIMUM      AVERAGE       TOTAL        ZERO     PERCENT      AVERAGE      $AVERAGE     QTABLE     CURRENT
            CONTENTS     CONTENTS      ENTRIES     ENTRIES     ZEROS      TIME/UNIT    TIME/UNIT     NUMBER    CONTENTS
    WAIT          75       36.064         122           1        0.8       189.605       191.172                     75



TABLE      RES

ENTRIES IN TABLE   MEAN ARGUMENT   STANDARD DEVIATION   SUM OF ARGUMENTS
         46.0000        203.4917             108.1152          9360.6198   NON-WEIGHTED

       UPPER    OBSERVED     PERCENT  CUMULATIVE  CUMULATIVE    MULTIPLE   DEVIATION
       LIMIT   FREQUENCY    OF TOTAL  PERCENTAGE   REMAINDER     OF MEAN   FROM MEAN
        ...
     20.0000      1.0000      2.1739        2.17       97.83      0.0983     -1.6972
     25.0000      1.0000      2.1739        4.35       95.65      0.1229     -1.6509
        ...
     35.0000      1.0000      2.1739        6.52       93.48      0.1720     -1.5584
        ...
    OVERFLOW     43.0000       93.48      100.00        0.00

AVERAGE VALUE OF OVERFLOW IS     215.9910

  RANDOM    ANTITHETIC     INITIAL     CURRENT      SAMPLE   CHI-SQUARE
  STREAM      VARIATES    POSITION    POSITION       COUNT   UNIFORMITY
       1           OFF      100000      100171         171      0.71



STATUS OF COMMON STORAGE

      32 BYTES AVAILABLE
    9968 IN USE
    9968 USED (MAX)



Simulation terminated.  Absolute Clock: 641.4039



Total Block Executions: 523

Blocks / second:        2377

Microseconds / Block: 420.65



Elapsed Time Used (SEC)
 
PASS1:           0.11
PASS2:           0.05
LOAD/CTRL:       0.06
EXECUTION:       0.22
OUTPUT:          0.60
---------------------
TOTAL:           1.04

GPSS/H IS A PROPRIETARY PRODUCT OF, AND IS USED UNDER A LICENSE GRANTED BY, THE WOLVERINE SOFTWARE CORPORATION,
7617 LITTLE RIVER TURNPIKE, ANNANDALE, VIRGINIA 22003-2603, USA.
