 
Couldn't find and open GPSS/H error-message file!!  It must be in a directory
that is specified in the PATH environment variable, or in the current directory,
or in the root directory.

    STUDENT GPSS/H RELEASE 3.0n-C10 (UG207)     27 Feb 2023   18:35:53     FILE: A2Q4a.gps

    LINE# STMT#  IF DO  BLOCK#  *LOC	OPERATION	A,B,C,D,E,F,G	COMMENTS  
 
        1     1                 *123456789012345678901234567890
        2     2                             SIMULATE                
        3     3              1              GENERATE    15,10.5     PATIENT INTERARRIVAL TIME
        4     4              2              QUEUE       WAIT        WAITING FOR DOCTOR
        5     5              3              SEIZE       DOCTOR      GET DOCTOR
        6     6              4              DEPART      WAIT        DONE WAITING LINE
        7     7              5              ADVANCE     14,5        DOCTOR SERVICE TIME
        8     8              6              RELEASE     DOCTOR
        9     9              7              TABULATE    RES
       10    10              8              TERMINATE   1           REMOVE 1 PATIENT FORM TERMINATION COUNTER
       11    11                  RES        TABLE       M1,5,5,10     
       12    12                  
       13    13                             START       100         FOR 100 CUSTOEMRS
       14    14                             END

ENTITY DICTIONARY (IN ASCENDING ORDER BY ENTITY NUMBER; "*" => VALUE CONFLICT.)

       Facilities: 1=DOCTOR

           Queues: 1=WAIT

           Tables: 1=RES

SYMBOL   VALUE   EQU DEFNS  CONTEXT      REFERENCES BY STATEMENT NUMBER
 
DOCTOR       1              Facility         5     8
 
WAIT         1              Queue            4     6
 
RES          1          11  Table            9



STORAGE REQUIREMENTS (BYTES)

COMPILED CODE:      362
COMPILED DATA:       40
MISCELLANEOUS:        0
ENTITIES:           592
COMMON:           10000
-----------------------
TOTAL:            10994



GPSS/H MODEL SIZE:

CONTROL STATEMENTS      4
BLOCKS                  8



Simulation begins.

RELATIVE CLOCK: 1519.0484   ABSOLUTE CLOCK: 1519.0484



BLOCK CURRENT     TOTAL  
1                   104 
2           4       104 
3                   100 
4                   100 
5                   100 
6                   100 
7                   100 
8                   100 



          --AVG-UTIL-DURING--                                                               
FACILITY  TOTAL  AVAIL  UNAVL     ENTRIES    AVERAGE   CURRENT  PERCENT  SEIZING  PREEMPTING
           TIME   TIME   TIME               TIME/XACT   STATUS   AVAIL     XACT      XACT   
  DOCTOR  0.930                       100      14.130    AVAIL                  



   QUEUE     MAXIMUM      AVERAGE       TOTAL        ZERO     PERCENT      AVERAGE      $AVERAGE     QTABLE     CURRENT
            CONTENTS     CONTENTS      ENTRIES     ENTRIES     ZEROS      TIME/UNIT    TIME/UNIT     NUMBER    CONTENTS
    WAIT           4        0.866         104          18       17.3        12.651        15.299                      4



TABLE      RES

ENTRIES IN TABLE   MEAN ARGUMENT   STANDARD DEVIATION   SUM OF ARGUMENTS
        100.0000         26.3414              11.5822          2634.1359   NON-WEIGHTED

       UPPER    OBSERVED     PERCENT  CUMULATIVE  CUMULATIVE    MULTIPLE   DEVIATION
       LIMIT   FREQUENCY    OF TOTAL  PERCENTAGE   REMAINDER     OF MEAN   FROM MEAN
        ...
     10.0000      2.0000      2.0000        2.00       98.00      0.3796     -1.4109
     15.0000     13.0000     13.0000       15.00       85.00      0.5694     -0.9792
     20.0000     23.0000     23.0000       38.00       62.00      0.7593     -0.5475
     25.0000     12.0000     12.0000       50.00       50.00      0.9491     -0.1158
     30.0000     17.0000     17.0000       67.00       33.00      1.1389      0.3159
     35.0000     10.0000     10.0000       77.00       23.00      1.3287      0.7476
     40.0000      8.0000      8.0000       85.00       15.00      1.5185      1.1793
     45.0000      4.0000      4.0000       89.00       11.00      1.7083      1.6110
    OVERFLOW     11.0000       11.00      100.00        0.00

AVERAGE VALUE OF OVERFLOW IS      49.5565



  RANDOM    ANTITHETIC     INITIAL     CURRENT      SAMPLE   CHI-SQUARE
  STREAM      VARIATES    POSITION    POSITION       COUNT   UNIFORMITY
       1           OFF      100000      100205         205      0.66

STATUS OF COMMON STORAGE

    9232 BYTES AVAILABLE
     768 IN USE
     880 USED (MAX)

Simulation terminated.  Absolute Clock: 1519.0484



Total Block Executions: 808

Blocks / second:        7345

Microseconds / Block: 136.14



Elapsed Time Used (SEC)
 
PASS1:           0.11
LOAD/CTRL:       0.11
EXECUTION:       0.11
OUTPUT:          0.11
---------------------
TOTAL:           0.44

GPSS/H IS A PROPRIETARY PRODUCT OF, AND IS USED UNDER A LICENSE GRANTED BY, THE WOLVERINE SOFTWARE CORPORATION,
7617 LITTLE RIVER TURNPIKE, ANNANDALE, VIRGINIA 22003-2603, USA.
