 
Couldn't find and open GPSS/H error-message file!!  It must be in a directory
that is specified in the PATH environment variable, or in the current directory,
or in the root directory.

    STUDENT GPSS/H RELEASE 3.0n-C10 (UG207)     27 Feb 2023   18:36:23     FILE: A2Q4c.gps

    LINE# STMT#  IF DO  BLOCK#  *LOC	OPERATION	A,B,C,D,E,F,G	COMMENTS  
 
        1     1                 *123456789012345678901234567890
        2     2                             SIMULATE                
        3     3              1              GENERATE    20,3.5     PATIENT INTERARRIVAL TIME
        4     4              2              QUEUE       WAIT        WAITING FOR DOCTOR
        5     5              3              SEIZE       DOCTOR      GET DOCTOR
        6     6              4              DEPART      WAIT        DONE WAITING LINE
        7     7              5              ADVANCE     14,5        DOCTOR SERVICE TIME
        8     8              6              RELEASE     DOCTOR
        9     9              7              TABULATE    RES
       10    10              8              TERMINATE   1           REMOVE 1 PATIENT FORM TERMINATION COUNTER
       11    11                  RES        TABLE       M1,5,5,10     
       12    12                  
       13    13                             START       100         FOR 100 CUSTOEMRS
       14    14                             END

ENTITY DICTIONARY (IN ASCENDING ORDER BY ENTITY NUMBER; "*" => VALUE CONFLICT.)

       Facilities: 1=DOCTOR

           Queues: 1=WAIT

           Tables: 1=RES

SYMBOL   VALUE   EQU DEFNS  CONTEXT      REFERENCES BY STATEMENT NUMBER
 
DOCTOR       1              Facility         5     8
 
WAIT         1              Queue            4     6
 
RES          1          11  Table            9



STORAGE REQUIREMENTS (BYTES)

COMPILED CODE:      362
COMPILED DATA:       40
MISCELLANEOUS:        0
ENTITIES:           592
COMMON:           10000
-----------------------
TOTAL:            10994



GPSS/H MODEL SIZE:

CONTROL STATEMENTS      4
BLOCKS                  8



Simulation begins.

RELATIVE CLOCK: 1995.0584   ABSOLUTE CLOCK: 1995.0584



BLOCK CURRENT     TOTAL  
1                   100 
2                   100 
3                   100 
4                   100 
5                   100 
6                   100 
7                   100 
8                   100 



          --AVG-UTIL-DURING--                                                               
FACILITY  TOTAL  AVAIL  UNAVL     ENTRIES    AVERAGE   CURRENT  PERCENT  SEIZING  PREEMPTING
           TIME   TIME   TIME               TIME/XACT   STATUS   AVAIL     XACT      XACT   
  DOCTOR  0.714                       100      14.248    AVAIL                  



   QUEUE     MAXIMUM      AVERAGE       TOTAL        ZERO     PERCENT      AVERAGE      $AVERAGE     QTABLE     CURRENT
            CONTENTS     CONTENTS      ENTRIES     ENTRIES     ZEROS      TIME/UNIT    TIME/UNIT     NUMBER    CONTENTS
    WAIT           1        0.003         100          93       93.0         0.056         0.799                      0



TABLE      RES

ENTRIES IN TABLE   MEAN ARGUMENT   STANDARD DEVIATION   SUM OF ARGUMENTS
        100.0000         14.3038               2.9152          1430.3802   NON-WEIGHTED

       UPPER    OBSERVED     PERCENT  CUMULATIVE  CUMULATIVE    MULTIPLE   DEVIATION
       LIMIT   FREQUENCY    OF TOTAL  PERCENTAGE   REMAINDER     OF MEAN   FROM MEAN
        ...
     10.0000     10.0000     10.0000       10.00       90.00      0.6991     -1.4764
     15.0000     43.0000     43.0000       53.00       47.00      1.0487      0.2388
     20.0000     47.0000     47.0000      100.00        0.00      1.3982      1.9540



  RANDOM    ANTITHETIC     INITIAL     CURRENT      SAMPLE   CHI-SQUARE
  STREAM      VARIATES    POSITION    POSITION       COUNT   UNIFORMITY
       1           OFF      100000      100201         201      0.66



STATUS OF COMMON STORAGE

    9744 BYTES AVAILABLE
     256 IN USE
     496 USED (MAX)

Simulation terminated.  Absolute Clock: 1995.0584



Total Block Executions: 800

Blocks / second:        4706

Microseconds / Block: 212.50



Elapsed Time Used (SEC)
 
PASS1:           0.05
PASS2:           0.06
LOAD/CTRL:       0.05
EXECUTION:       0.17
OUTPUT:          0.05
---------------------
TOTAL:           0.38

GPSS/H IS A PROPRIETARY PRODUCT OF, AND IS USED UNDER A LICENSE GRANTED BY, THE WOLVERINE SOFTWARE CORPORATION,
7617 LITTLE RIVER TURNPIKE, ANNANDALE, VIRGINIA 22003-2603, USA.
