 
Couldn't find and open GPSS/H error-message file!!  It must be in a directory
that is specified in the PATH environment variable, or in the current directory,
or in the root directory.

    STUDENT GPSS/H RELEASE 3.0n-C10 (UG207)     19 Feb 2023   15:32:23     FILE: A2Q4.gps

    LINE# STMT#  IF DO  BLOCK#  *LOC	OPERATION	A,B,C,D,E,F,G	COMMENTS  
 
        1     1                         SIMULATE
        2     2                  
        3     3                         REAL &U10
        4     4                         LET &U10=0
        5     5                  
        6     6                         REAL &U15
        7     7                         LET &U15=0
        8     8                  
        9     9                         REAL &U20
       10    10                         LET &U20=0
       11    11                  
       12    12                         REAL &U21
       13    13                         LET &U21=0
       14    14                  
       15    15              1          GENERATE   RVEXPO(2,15)
       16    16                         
       17    17              2          QUEUE      WAITINGROOM     
                                                           +
*** WARNING  2 - Error message not found (out-of-date GPSSHERR.MSG file?)
 
       18    18              3          SEIZE      DOCTOR
       19    19              4          DEPART     WAITINGROOM
                                                           +
*** WARNING  2 - Error message not found (out-of-date GPSSHERR.MSG file?)
 
       20    20                         
       21    21              5          ADVANCE    RVEXPO(3,14)            
       22    22              6          RELEASE    DOCTOR
       23    23                         
       24    24              7          TEST LE M1,10,SECOND
       25    25              8          BLET &U10=&U10+1
       26    26                  
       27    27              9  SECOND  TEST GE M1,10,THIRD
       28    28             10          TEST LE M1,15,THIRD
       29    29             11          BLET &U15=&U15+1
       30    30                  
       31    31             12  THIRD   TEST GE M1,15,FOURTH
       32    32             13          TEST LE M1,20,FOURTH
       33    33             14          BLET &U20=&U20+1
       34    34                  
       35    35             15  FOURTH  TEST GE M1,20,AFT
       36    36             16          BLET &U21=&U21+1
       37    37                  
       38    38             17  AFT     TERMINATE  1
       39    39                  
       40    40                         START      100             Simulate for 100 customers
       41    41                  
       42    42                         PUTPIC FILE=A2Q4OUT,LINES=4,(&U10,&U15,&U20,&U21)
       43    43                             Less than 10 is ****
       44    44                             Between 10 and 15 is ****
       45    45                         Between 15 and 20 is ****
       46    46                         More than 20 is ****
       47    47                  
       48    48                         END

ENTITY DICTIONARY (IN ASCENDING ORDER BY ENTITY NUMBER; "*" => VALUE CONFLICT.)

       Facilities: 1=DOCTOR

           Queues: 1=WAITINGR

   Random Numbers: 2               3

       Real &Vars: 1=U10           2=U15           3=U20           4=U21

            Files: 1=A2Q4OUT

SYMBOL   VALUE   EQU DEFNS  CONTEXT      REFERENCES BY STATEMENT NUMBER
 
AFT         17          38  Block           35
FOURTH      15          35  Block           31    32
SECOND       9          27  Block           24
THIRD       12          31  Block           27    28
 
DOCTOR       1              Facility        18    22
 
WAITINGR     1              Queue           17    19
 
2            2              Random Nmbr     15
3            3              Random Nmbr     21
 
U10          1           3  Real             4    25    25    42
U15          2           6  Real             7    29    29    42
U20          3           9  Real            10    33    33    42
U21          4          12  Real            13    36    36    42
 
A2Q4OUT      1              File            42



STORAGE REQUIREMENTS (BYTES)

COMPILED CODE:      868
COMPILED DATA:       40
MISCELLANEOUS:      135
ENTITIES:           600
COMMON:           10000
-----------------------
TOTAL:            11643



GPSS/H MODEL SIZE:

CONTROL STATEMENTS      8
BLOCKS                 17



Simulation begins.

RELATIVE CLOCK: 1837.0009   ABSOLUTE CLOCK: 1837.0009



BLOCK CURRENT     TOTAL  BLOCK CURRENT     TOTAL  
1                   120  11                    1 
2          20       120  THIRD               100 
3                   100  13                   95 
4                   100  14                    3 
5                   100  FOURTH              100 
6                   100  16                   92 
7                   100  AFT                 100 
8                     4 
SECOND              100 
10                   96 



          --AVG-UTIL-DURING--                                                               
FACILITY  TOTAL  AVAIL  UNAVL     ENTRIES    AVERAGE   CURRENT  PERCENT  SEIZING  PREEMPTING
           TIME   TIME   TIME               TIME/XACT   STATUS   AVAIL     XACT      XACT   
  DOCTOR  0.893                       100      16.411    AVAIL                  



   QUEUE     MAXIMUM      AVERAGE       TOTAL        ZERO     PERCENT      AVERAGE      $AVERAGE     QTABLE     CURRENT
            CONTENTS     CONTENTS      ENTRIES     ENTRIES     ZEROS      TIME/UNIT    TIME/UNIT     NUMBER    CONTENTS
WAITINGR          20        5.850         120           9        7.5        89.549        96.810                     20



  RANDOM    ANTITHETIC     INITIAL     CURRENT      SAMPLE   CHI-SQUARE
  STREAM      VARIATES    POSITION    POSITION       COUNT   UNIFORMITY
       2           OFF      200000      200121         121      0.26
       3           OFF      300000      300100         100      0.44



STATUS OF COMMON STORAGE

    7184 BYTES AVAILABLE
    2816 IN USE
    2928 USED (MAX)

Simulation terminated.  Absolute Clock: 1837.0009



Total Block Executions: 1431

Blocks / second:        6505

Microseconds / Block: 153.74



Elapsed Time Used (SEC)
 
PASS1:           0.16
SYM/XREF         0.06
PASS2:           0.05
LOAD/CTRL:       0.06
EXECUTION:       0.22
OUTPUT:          0.05
---------------------
TOTAL:           0.60

GPSS/H IS A PROPRIETARY PRODUCT OF, AND IS USED UNDER A LICENSE GRANTED BY, THE WOLVERINE SOFTWARE CORPORATION,
7617 LITTLE RIVER TURNPIKE, ANNANDALE, VIRGINIA 22003-2603, USA.
