 
Couldn't find and open GPSS/H error-message file!!  It must be in a directory
that is specified in the PATH environment variable, or in the current directory,
or in the root directory.

    STUDENT GPSS/H RELEASE 3.0n-C10 (UG207)     27 Feb 2023   18:38:13     FILE: A2Q4d.gps

    LINE# STMT#  IF DO  BLOCK#  *LOC	OPERATION	A,B,C,D,E,F,G	COMMENTS  
 
        1     1                 *123456789012345678901234567890
        2     2                             SIMULATE                
        3     3              1              GENERATE    RVEXPO(2,15)
        4     4                  
        5     5              2              QUEUE       WAITINGROOM     
                                                                +
*** WARNING  2 - Error message not found (out-of-date GPSSHERR.MSG file?)
 
        6     6              3              SEIZE       DOCTOR
        7     7              4              DEPART      WAITINGROOM
                                                                +
*** WARNING  2 - Error message not found (out-of-date GPSSHERR.MSG file?)
 
        8     8                             
        9     9              5              ADVANCE     RVEXPO(3,14)            
       10    10              6              RELEASE     DOCTOR
       11    11                             
       12    12              7              TERMINATE   1   
       13    13                  
       14    14                             START       100         FOR 100 CUSTOEMRS
       15    15                             END

ENTITY DICTIONARY (IN ASCENDING ORDER BY ENTITY NUMBER; "*" => VALUE CONFLICT.)

       Facilities: 1=DOCTOR

           Queues: 1=WAITINGR

   Random Numbers: 2               3

SYMBOL   VALUE   EQU DEFNS  CONTEXT      REFERENCES BY STATEMENT NUMBER
 
DOCTOR       1              Facility         6    10
 
WAITINGR     1              Queue            5     7
 
2            2              Random Nmbr      3
3            3              Random Nmbr      9



STORAGE REQUIREMENTS (BYTES)

COMPILED CODE:      268
COMPILED DATA:       40
MISCELLANEOUS:        0
ENTITIES:           520
COMMON:           10000
-----------------------
TOTAL:            10828



GPSS/H MODEL SIZE:

CONTROL STATEMENTS      3
BLOCKS                  7



Simulation begins.

RELATIVE CLOCK: 1837.0009   ABSOLUTE CLOCK: 1837.0009



BLOCK CURRENT     TOTAL  
1                   120 
2          20       120 
3                   100 
4                   100 
5                   100 
6                   100 
7                   100 



          --AVG-UTIL-DURING--                                                               
FACILITY  TOTAL  AVAIL  UNAVL     ENTRIES    AVERAGE   CURRENT  PERCENT  SEIZING  PREEMPTING
           TIME   TIME   TIME               TIME/XACT   STATUS   AVAIL     XACT      XACT   
  DOCTOR  0.893                       100      16.411    AVAIL                  



   QUEUE     MAXIMUM      AVERAGE       TOTAL        ZERO     PERCENT      AVERAGE      $AVERAGE     QTABLE     CURRENT
            CONTENTS     CONTENTS      ENTRIES     ENTRIES     ZEROS      TIME/UNIT    TIME/UNIT     NUMBER    CONTENTS
WAITINGR          20        5.850         120           9        7.5        89.549        96.810                     20



  RANDOM    ANTITHETIC     INITIAL     CURRENT      SAMPLE   CHI-SQUARE
  STREAM      VARIATES    POSITION    POSITION       COUNT   UNIFORMITY
       2           OFF      200000      200121         121      0.26
       3           OFF      300000      300100         100      0.44



STATUS OF COMMON STORAGE

    7184 BYTES AVAILABLE
    2816 IN USE
    2928 USED (MAX)

Simulation terminated.  Absolute Clock: 1837.0009



Total Block Executions: 740

Blocks / second:        4625

Microseconds / Block: 216.22



Elapsed Time Used (SEC)
 
PASS1:           0.11
LOAD/CTRL:       0.11
EXECUTION:       0.16
OUTPUT:          0.06
---------------------
TOTAL:           0.44

GPSS/H IS A PROPRIETARY PRODUCT OF, AND IS USED UNDER A LICENSE GRANTED BY, THE WOLVERINE SOFTWARE CORPORATION,
7617 LITTLE RIVER TURNPIKE, ANNANDALE, VIRGINIA 22003-2603, USA.
