 
Couldn't find and open GPSS/H error-message file!!  It must be in a directory
that is specified in the PATH environment variable, or in the current directory,
or in the root directory.

    STUDENT GPSS/H RELEASE 3.0n-C10 (UG207)      3 Mar 2023   10:48:52     FILE: A2Q5c2.gps

    LINE# STMT#  IF DO  BLOCK#  *LOC	OPERATION	A,B,C,D,E,F,G	COMMENTS  
 
        1     1                         SIMULATE
        2     2                         REALLOCATE      COM,20000
        3     3                  
        4     4                         REAL &U15
        5     5                         LET &U15=0
        6     6                 DRIVER  STORAGE    1        
        7     7                 HOISTS  STORAGE    5
        8     8                 MECHANIC    STORAGE    3
        9     9                  
       10    10              1          GENERATE   RVEXPO(1,4)
       11    11              2          QUEUE      GARAGE
       12    12                         
       13    13              3          QUEUE      WAIT
       14    14              4          ENTER      HOISTS
       15    15              5          ENTER      DRIVER
       16    16              6          DEPART     WAIT
       17    17                         
       18    18              7          ADVANCE    RVEXPO(3,1)
       19    19              8          LEAVE      DRIVER
       20    20                         
       21    21              9          ENTER      MECHANIC
       22    22             10          ADVANCE    RVEXPO(5,7)     
       23    23             11          LEAVE      MECHANIC
       24    24                  
       25    25             12          ENTER      DRIVER
       26    26             13          ADVANCE    RVEXPO(2,2)
       27    27             14          LEAVE      HOISTS
       28    28             15          LEAVE      DRIVER
       29    29                  
       30    30             16          DEPART     GARAGE
       31    31                         
       32    32             17          TEST GE M1,15,AFT
       33    33             18          BLET &U15=&U15+1
       34    34                  
       35    35             19  AFT     TERMINATE  1
       36    36                  
       37    37                         START      2000             
       38    38                  
       39    39                         PUTPIC FILE=A2Q5C2OT,LINES=1,(&U15)
       40    40                             more than 15 minutes is ****
       41    41                 	    
       42    42                         END

ENTITY DICTIONARY (IN ASCENDING ORDER BY ENTITY NUMBER; "*" => VALUE CONFLICT.)

           Queues: 1=GARAGE        2=WAIT

         Storages: 1=DRIVER        2=HOISTS        3=MECHANIC

   Random Numbers: 1               2               3               5

       Real &Vars: 1=U15

            Files: 1=A2Q5C2OT

SYMBOL   VALUE   EQU DEFNS  CONTEXT      REFERENCES BY STATEMENT NUMBER
 
AFT         19          35  Block           32
 
GARAGE       1              Queue           11    30
WAIT         2              Queue           13    16
 
DRIVER       1           6  Storage         15    19    25    28
HOISTS       2           7  Storage         14    27
MECHANIC     3           8  Storage         21    23
 
1            1              Random Nmbr     10
2            2              Random Nmbr     26
3            3              Random Nmbr     18
5            5              Random Nmbr     22
 
U15          1           4  Real             5    33    33    39
 
A2Q5C2OT     1              File            39



STORAGE REQUIREMENTS (BYTES)

COMPILED CODE:      750
COMPILED DATA:       40
MISCELLANEOUS:       42
ENTITIES:           912
COMMON:           20000
-----------------------
TOTAL:            21744



GPSS/H MODEL SIZE:

CONTROL STATEMENTS      8
BLOCKS                 19



Simulation begins.

RELATIVE CLOCK: 8326.0818   ABSOLUTE CLOCK: 8326.0818



BLOCK CURRENT     TOTAL  BLOCK CURRENT     TOTAL  
1                  2004  11                 2000 
2                  2004  12                 2000 
3                  2004  13                 2000 
4           2      2004  14                 2000 
5                  2002  15                 2000 
6                  2002  16                 2000 
7                  2002  17                 2000 
8                  2002  18                 1337 
9                  2002  AFT                2000 
10          2      2002 



          --AVG-UTIL-DURING--                                                                                          
 STORAGE  TOTAL  AVAIL  UNAVL     ENTRIES    AVERAGE   CURRENT  PERCENT    CAPACITY     AVERAGE     CURRENT     MAXIMUM
           TIME   TIME   TIME               TIME/UNIT   STATUS   AVAIL                 CONTENTS    CONTENTS    CONTENTS
  DRIVER  0.731                      4002       1.520    AVAIL   100.0            1       0.731           0           1
  HOISTS  0.740                      2004      15.382    AVAIL   100.0            5       3.702           4           5
MECHANIC  0.559                      2002       6.976    AVAIL   100.0            3       1.677           2           3



   QUEUE     MAXIMUM      AVERAGE       TOTAL        ZERO     PERCENT      AVERAGE      $AVERAGE     QTABLE     CURRENT
            CONTENTS     CONTENTS      ENTRIES     ENTRIES     ZEROS      TIME/UNIT    TIME/UNIT     NUMBER    CONTENTS
  GARAGE          23        5.925        2004           0                   24.616        24.616                      4
    WAIT          18        2.496        2004         376       18.8        10.372        12.767                      2



  RANDOM    ANTITHETIC     INITIAL     CURRENT      SAMPLE   CHI-SQUARE
  STREAM      VARIATES    POSITION    POSITION       COUNT   UNIFORMITY
       1           OFF      100000      102005        2005      0.53
       2           OFF      200000      202000        2000      0.18
       3           OFF      300000      302002        2002      0.04
       5           OFF      500000      502002        2002      0.10



STATUS OF COMMON STORAGE

   19136 BYTES AVAILABLE
     864 IN USE
    3552 USED (MAX)

Simulation terminated.  Absolute Clock: 8326.0818



Total Block Executions: 37365

Blocks / second:        6476

Microseconds / Block: 154.42



Elapsed Time Used (SEC)
 
PASS1:           0.17
SYM/XREF         0.05
LOAD/CTRL:       0.11
EXECUTION:       5.77
OUTPUT:          0.05
---------------------
TOTAL:           6.15

GPSS/H IS A PROPRIETARY PRODUCT OF, AND IS USED UNDER A LICENSE GRANTED BY, THE WOLVERINE SOFTWARE CORPORATION,
7617 LITTLE RIVER TURNPIKE, ANNANDALE, VIRGINIA 22003-2603, USA.
