 
Couldn't find and open GPSS/H error-message file!!  It must be in a directory
that is specified in the PATH environment variable, or in the current directory,
or in the root directory.

    STUDENT GPSS/H RELEASE 3.0n-C10 (UG207)     19 Feb 2023   17:42:28     FILE: A2Q5.gps

    LINE# STMT#  IF DO  BLOCK#  *LOC	OPERATION	A,B,C,D,E,F,G	COMMENTS  
 
        1     1                         SIMULATE
        2     2                  
        3     3                         REAL &U15
        4     4                         LET &U15=0
        5     5                 HOISTS  STORAGE    3
        6     6                  
        7     7              1          GENERATE   RVEXPO(1,4)
        8     8              2          QUEUE      GARAGE
        9     9                  
       10    10              3          QUEUE      WAIT
       11    11              4          ENTER      HOISTS
       12    12              5          DEPART     WAIT
       13    13                         
       14    14              6          ADVANCE    RVEXPO(3,7.5)     
       15    15              7          LEAVE      HOISTS
       16    16              8          DEPART     GARAGE
       17    17                         
       18    18              9          TEST GE M1,15,AFT
       19    19             10          BLET &U15=&U15+1
       20    20                  
       21    21             11  AFT     TERMINATE  1
       22    22                  
       23    23                         START      2000             
       24    24                  
       25    25                         PUTPIC FILE=A2Q5OUT,LINES=1,(&U15)
       26    26                             Wait more than 15 minutes is ****
       27    27                 	    
       28    28                         END

ENTITY DICTIONARY (IN ASCENDING ORDER BY ENTITY NUMBER; "*" => VALUE CONFLICT.)

           Queues: 1=GARAGE        2=WAIT

         Storages: 1=HOISTS

   Random Numbers: 1               3

       Real &Vars: 1=U15

            Files: 1=A2Q5OUT

SYMBOL   VALUE   EQU DEFNS  CONTEXT      REFERENCES BY STATEMENT NUMBER
 
AFT         11          21  Block           18
 
GARAGE       1              Queue            8    16
WAIT         2              Queue           10    12
 
HOISTS       1           5  Storage         11    15
 
1            1              Random Nmbr      7
3            3              Random Nmbr     14
 
U15          1           3  Real             4    19    19    25
 
A2Q5OUT      1              File            25



STORAGE REQUIREMENTS (BYTES)

COMPILED CODE:      494
COMPILED DATA:       40
MISCELLANEOUS:       47
ENTITIES:           632
COMMON:           10000
-----------------------
TOTAL:            11213



GPSS/H MODEL SIZE:

CONTROL STATEMENTS      6
BLOCKS                 11



Simulation begins.

RELATIVE CLOCK: 8319.4284   ABSOLUTE CLOCK: 8319.4284



BLOCK CURRENT     TOTAL  BLOCK CURRENT     TOTAL  
1                  2004  AFT                2000 
2                  2004 
3           2      2004 
4                  2002 
5                  2002 
6           2      2002 
7                  2000 
8                  2000 
9                  2000 
10                  387 



          --AVG-UTIL-DURING--                                                                                          
 STORAGE  TOTAL  AVAIL  UNAVL     ENTRIES    AVERAGE   CURRENT  PERCENT    CAPACITY     AVERAGE     CURRENT     MAXIMUM
           TIME   TIME   TIME               TIME/UNIT   STATUS   AVAIL                 CONTENTS    CONTENTS    CONTENTS
  HOISTS  0.585                      2002       7.298    AVAIL   100.0            3       1.756           2           3



   QUEUE     MAXIMUM      AVERAGE       TOTAL        ZERO     PERCENT      AVERAGE      $AVERAGE     QTABLE     CURRENT
            CONTENTS     CONTENTS      ENTRIES     ENTRIES     ZEROS      TIME/UNIT    TIME/UNIT     NUMBER    CONTENTS
  GARAGE          13        2.147        2004           0                    8.914         8.914                      4
    WAIT          10        0.391        2004        1386       69.2         1.623         5.264                      2



  RANDOM    ANTITHETIC     INITIAL     CURRENT      SAMPLE   CHI-SQUARE
  STREAM      VARIATES    POSITION    POSITION       COUNT   UNIFORMITY
       1           OFF      100000      102005        2005      0.53
       3           OFF      300000      302002        2002      0.04



STATUS OF COMMON STORAGE

    9200 BYTES AVAILABLE
     800 IN USE
    2080 USED (MAX)

Simulation terminated.  Absolute Clock: 8319.4284



Total Block Executions: 20405

Blocks / second:        7135

Microseconds / Block: 140.16



Elapsed Time Used (SEC)
 
PASS1:           0.06
SYM/XREF         0.05
PASS2:           0.06
LOAD/CTRL:       0.05
EXECUTION:       2.86
OUTPUT:          0.05
---------------------
TOTAL:           3.13

GPSS/H IS A PROPRIETARY PRODUCT OF, AND IS USED UNDER A LICENSE GRANTED BY, THE WOLVERINE SOFTWARE CORPORATION,
7617 LITTLE RIVER TURNPIKE, ANNANDALE, VIRGINIA 22003-2603, USA.
