 
Couldn't find and open GPSS/H error-message file!!  It must be in a directory
that is specified in the PATH environment variable, or in the current directory,
or in the root directory.

    STUDENT GPSS/H RELEASE 3.0n-C10 (UG207)     19 Feb 2023   16:53:28     FILE: A2Q5Time.gps

    LINE# STMT#  IF DO  BLOCK#  *LOC	OPERATION	A,B,C,D,E,F,G	COMMENTS  
 
        1     1                         SIMULATE
        2     2                  
        3     3                         REAL &U15
        4     4                         LET &U15=0
        5     5                  
        6     6                         REAL &U30
        7     7                         LET &U30=0
        8     8                  
        9     9                 HOISTS  STORAGE    3
       10    10                  
       11    11              1          GENERATE   4,1
       12    12              2          QUEUE      GARAGE
       13    13                  
       14    14              3          QUEUE      WAIT
       15    15              4          ENTER      HOISTS
       16    16              5          DEPART     WAIT
       17    17                         
       18    18              6          ADVANCE    10,2     
       19    19              7          LEAVE      HOISTS
       20    20              8          DEPART     GARAGE
       21    21                  
       22    22              9          BLET &U30=&U30+1
       23    23                  
       24    24             10          TEST GE M1,15,AFT
       25    25             11          BLET &U15=&U15+1
       26    26                  
       27    27             12  AFT     TERMINATE
       28    28                         
       29    29                         
       30    30             13          GENERATE   18000     
       31    31             14          TERMINATE  1        
       32    32                  
       33    33                         START      1             
       34    34                  
       35    35                         PUTPIC FILE=A2Q5OUT2,LINES=2,(&U15,&U30)
       36    36                         Wait more than 15 minutes is ****
       37    37                         Total Customers is ****
       38    38                 	    
       39    39                         END

ENTITY DICTIONARY (IN ASCENDING ORDER BY ENTITY NUMBER; "*" => VALUE CONFLICT.)

           Queues: 1=GARAGE        2=WAIT

         Storages: 1=HOISTS

       Real &Vars: 1=U15           2=U30

            Files: 1=A2Q5OUT2

SYMBOL   VALUE   EQU DEFNS  CONTEXT      REFERENCES BY STATEMENT NUMBER
 
AFT         12          27  Block           24
 
GARAGE       1              Queue           12    20
WAIT         2              Queue           14    16
 
HOISTS       1           9  Storage         15    19
 
U15          1           3  Real             4    25    25    35
U30          2           6  Real             7    22    22    35
 
A2Q5OUT2     1              File            35



STORAGE REQUIREMENTS (BYTES)

COMPILED CODE:      542
COMPILED DATA:       80
MISCELLANEOUS:       75
ENTITIES:           464
COMMON:           10000
-----------------------
TOTAL:            11161



GPSS/H MODEL SIZE:

CONTROL STATEMENTS      7
BLOCKS                 14



Simulation begins.

RELATIVE CLOCK: 18000.0000   ABSOLUTE CLOCK: 18000.0000



BLOCK CURRENT     TOTAL  BLOCK CURRENT     TOTAL  
1                  4495  11                    1 
2                  4495  AFT                4493 
3                  4495  13                    1 
4                  4495  14                    1 
5                  4495 
6           2      4495 
7                  4493 
8                  4493 
9                  4493 
10                 4493 



          --AVG-UTIL-DURING--                                                                                          
 STORAGE  TOTAL  AVAIL  UNAVL     ENTRIES    AVERAGE   CURRENT  PERCENT    CAPACITY     AVERAGE     CURRENT     MAXIMUM
           TIME   TIME   TIME               TIME/UNIT   STATUS   AVAIL                 CONTENTS    CONTENTS    CONTENTS
  HOISTS  0.833                      4495      10.005    AVAIL   100.0            3       2.498           2           3



   QUEUE     MAXIMUM      AVERAGE       TOTAL        ZERO     PERCENT      AVERAGE      $AVERAGE     QTABLE     CURRENT
            CONTENTS     CONTENTS      ENTRIES     ENTRIES     ZEROS      TIME/UNIT    TIME/UNIT     NUMBER    CONTENTS
  GARAGE           5        2.518        4495           0                   10.083        10.083                      2
    WAIT           2        0.020        4495        3977       88.5         0.078         0.678                      0



  RANDOM    ANTITHETIC     INITIAL     CURRENT      SAMPLE   CHI-SQUARE
  STREAM      VARIATES    POSITION    POSITION       COUNT   UNIFORMITY
       1           OFF      100000      108991        8991      1.00



STATUS OF COMMON STORAGE

    9312 BYTES AVAILABLE
     688 IN USE
    1104 USED (MAX)

Simulation terminated.  Absolute Clock: 18000.0000



Total Block Executions: 49438

Blocks / second:        8253

Microseconds / Block: 121.16



Elapsed Time Used (SEC)
 
PASS1:           0.11
SYM/XREF         0.05
LOAD/CTRL:       0.11
EXECUTION:       5.99
OUTPUT:          0.05
---------------------
TOTAL:           6.31

GPSS/H IS A PROPRIETARY PRODUCT OF, AND IS USED UNDER A LICENSE GRANTED BY, THE WOLVERINE SOFTWARE CORPORATION,
7617 LITTLE RIVER TURNPIKE, ANNANDALE, VIRGINIA 22003-2603, USA.
