 
Couldn't find and open GPSS/H error-message file!!  It must be in a directory
that is specified in the PATH environment variable, or in the current directory,
or in the root directory.

    STUDENT GPSS/H RELEASE 3.0n-C10 (UG207)      3 Mar 2023   10:44:26     FILE: A2Q5c.gps

    LINE# STMT#  IF DO  BLOCK#  *LOC	OPERATION	A,B,C,D,E,F,G	COMMENTS  
 
        1     1                         SIMULATE
        2     2                         REALLOCATE      COM,20000
        3     3                  
        4     4                         REAL &U15
        5     5                         LET &U15=0
        6     6                 DRIVER  STORAGE    1        
        7     7                 HOISTS  STORAGE    3
        8     8                 MECHANIC    STORAGE    2
        9     9                  
       10    10              1          GENERATE   RVEXPO(1,4)
       11    11              2          QUEUE      GARAGE
       12    12                         
       13    13              3          QUEUE      WAIT
       14    14              4          ENTER      HOISTS
       15    15              5          ENTER      DRIVER
       16    16              6          DEPART     WAIT
       17    17                         
       18    18              7          ADVANCE    RVEXPO(3,1)
       19    19              8          LEAVE      DRIVER
       20    20                         
       21    21              9          ENTER      MECHANIC
       22    22             10          ADVANCE    RVEXPO(5,7)     
       23    23             11          LEAVE      MECHANIC
       24    24                  
       25    25             12          ENTER      DRIVER
       26    26             13          ADVANCE    RVEXPO(2,2)
       27    27             14          LEAVE      HOISTS
       28    28             15          LEAVE      DRIVER
       29    29                  
       30    30             16          DEPART     GARAGE
       31    31                         
       32    32             17          TEST GE M1,15,AFT
       33    33             18          BLET &U15=&U15+1
       34    34                  
       35    35             19  AFT     TERMINATE  1
       36    36                  
       37    37                         START      400             
       38    38                  
       39    39                         PUTPIC FILE=A2Q5COUT,LINES=1,(&U15)
       40    40                             Wait more than 15 minutes is ****
       41    41                 	    
       42    42                         END

ENTITY DICTIONARY (IN ASCENDING ORDER BY ENTITY NUMBER; "*" => VALUE CONFLICT.)

           Queues: 1=GARAGE        2=WAIT

         Storages: 1=DRIVER        2=HOISTS        3=MECHANIC

   Random Numbers: 1               2               3               5

       Real &Vars: 1=U15

            Files: 1=A2Q5COUT

SYMBOL   VALUE   EQU DEFNS  CONTEXT      REFERENCES BY STATEMENT NUMBER
 
AFT         19          35  Block           32
 
GARAGE       1              Queue           11    30
WAIT         2              Queue           13    16
 
DRIVER       1           6  Storage         15    19    25    28
HOISTS       2           7  Storage         14    27
MECHANIC     3           8  Storage         21    23
 
1            1              Random Nmbr     10
2            2              Random Nmbr     26
3            3              Random Nmbr     18
5            5              Random Nmbr     22
 
U15          1           4  Real             5    33    33    39
 
A2Q5COUT     1              File            39



STORAGE REQUIREMENTS (BYTES)

COMPILED CODE:      750
COMPILED DATA:       40
MISCELLANEOUS:       47
ENTITIES:           912
COMMON:           20000
-----------------------
TOTAL:            21749



GPSS/H MODEL SIZE:

CONTROL STATEMENTS      8
BLOCKS                 19



Simulation begins.

RELATIVE CLOCK: 1839.1795   ABSOLUTE CLOCK: 1839.1795



BLOCK CURRENT     TOTAL  BLOCK CURRENT     TOTAL  
1                   454  11                  400 
2                   454  12                  400 
3          52       454  13                  400 
4                   402  14                  400 
5                   402  15                  400 
6                   402  16                  400 
7                   402  17                  400 
8                   402  18                  368 
9                   402  AFT                 400 
10          2       402 



          --AVG-UTIL-DURING--                                                                                          
 STORAGE  TOTAL  AVAIL  UNAVL     ENTRIES    AVERAGE   CURRENT  PERCENT    CAPACITY     AVERAGE     CURRENT     MAXIMUM
           TIME   TIME   TIME               TIME/UNIT   STATUS   AVAIL                 CONTENTS    CONTENTS    CONTENTS
  DRIVER  0.672                       802       1.541    AVAIL   100.0            1       0.672           0           1
  HOISTS  0.965                       402      13.240    AVAIL   100.0            3       2.894           2           3
MECHANIC  0.757                       402       6.925    AVAIL   100.0            2       1.514           2           2



   QUEUE     MAXIMUM      AVERAGE       TOTAL        ZERO     PERCENT      AVERAGE      $AVERAGE     QTABLE     CURRENT
            CONTENTS     CONTENTS      ENTRIES     ENTRIES     ZEROS      TIME/UNIT    TIME/UNIT     NUMBER    CONTENTS
  GARAGE          58       22.326         454           0                   90.446        90.446                     54
    WAIT          55       19.451         454          15        3.3        78.797        81.489                     52



  RANDOM    ANTITHETIC     INITIAL     CURRENT      SAMPLE   CHI-SQUARE
  STREAM      VARIATES    POSITION    POSITION       COUNT   UNIFORMITY
       1           OFF      100000      100455         455      0.87
       2           OFF      200000      200400         400      0.31
       3           OFF      300000      300402         402      0.70
       5           OFF      500000      500402         402      0.78



STATUS OF COMMON STORAGE

   12000 BYTES AVAILABLE
    8000 IN USE
    8560 USED (MAX)

Simulation terminated.  Absolute Clock: 1839.1795



Total Block Executions: 7744

Blocks / second:        4400

Microseconds / Block: 227.27



Elapsed Time Used (SEC)
 
PASS1:           0.11
SYM/XREF         0.05
PASS2:           0.06
LOAD/CTRL:       0.05
EXECUTION:       1.76
OUTPUT:          0.06
---------------------
TOTAL:           2.09

GPSS/H IS A PROPRIETARY PRODUCT OF, AND IS USED UNDER A LICENSE GRANTED BY, THE WOLVERINE SOFTWARE CORPORATION,
7617 LITTLE RIVER TURNPIKE, ANNANDALE, VIRGINIA 22003-2603, USA.
